<?xml version="1.0" encoding="UTF-8"?>
<coverage generated="1701955601235" clover="3.2.0">
  <project timestamp="1701955601235" name="All files">
    <metrics statements="67" coveredstatements="66" conditionals="16" coveredconditionals="12" methods="26" coveredmethods="25" elements="109" coveredelements="103" complexity="0" loc="67" ncloc="67" packages="2" files="8" classes="8"/>
    <package name="components">
      <metrics statements="66" coveredstatements="65" conditionals="16" coveredconditionals="12" methods="26" coveredmethods="25"/>
      <file name="Body.js" path="C:\Users\Satish\Desktop\Namaste-React-Satish\src\components\Body.js">
        <metrics statements="27" coveredstatements="26" conditionals="4" coveredconditionals="3" methods="10" coveredmethods="9"/>
        <line num="11" count="1" type="stmt"/>
        <line num="12" count="8" type="stmt"/>
        <line num="13" count="7" type="stmt"/>
        <line num="14" count="7" type="stmt"/>
        <line num="18" count="7" type="stmt"/>
        <line num="19" count="2" type="stmt"/>
        <line num="22" count="7" type="stmt"/>
        <line num="23" count="2" type="stmt"/>
        <line num="27" count="2" type="stmt"/>
        <line num="29" count="2" type="stmt"/>
        <line num="30" count="2" type="stmt"/>
        <line num="33" count="7" type="stmt"/>
        <line num="34" count="7" type="cond" truecount="1" falsecount="1"/>
        <line num="36" count="7" type="cond" truecount="2" falsecount="0"/>
        <line num="37" count="2" type="stmt"/>
        <line num="40" count="5" type="stmt"/>
        <line num="42" count="5" type="stmt"/>
        <line num="50" count="1" type="stmt"/>
        <line num="53" count="1" type="stmt"/>
        <line num="54" count="20" type="stmt"/>
        <line num="56" count="1" type="stmt"/>
        <line num="63" count="1" type="stmt"/>
        <line num="64" count="20" type="stmt"/>
        <line num="66" count="1" type="stmt"/>
        <line num="67" count="1" type="stmt"/>
        <line num="74" count="0" type="stmt"/>
        <line num="81" count="80" type="stmt"/>
      </file>
      <file name="Cart.js" path="C:\Users\Satish\Desktop\Namaste-React-Satish\src\components\Cart.js">
        <metrics statements="6" coveredstatements="6" conditionals="2" coveredconditionals="2" methods="3" coveredmethods="3"/>
        <line num="5" count="1" type="stmt"/>
        <line num="6" count="6" type="stmt"/>
        <line num="7" count="3" type="stmt"/>
        <line num="8" count="3" type="stmt"/>
        <line num="9" count="1" type="stmt"/>
        <line num="12" count="3" type="stmt"/>
      </file>
      <file name="Contact.js" path="C:\Users\Satish\Desktop\Namaste-React-Satish\src\components\Contact.js">
        <metrics statements="2" coveredstatements="2" conditionals="0" coveredconditionals="0" methods="1" coveredmethods="1"/>
        <line num="1" count="1" type="stmt"/>
        <line num="2" count="1" type="stmt"/>
      </file>
      <file name="Header.js" path="C:\Users\Satish\Desktop\Namaste-React-Satish\src\components\Header.js">
        <metrics statements="7" coveredstatements="7" conditionals="4" coveredconditionals="2" methods="3" coveredmethods="3"/>
        <line num="8" count="2" type="stmt"/>
        <line num="10" count="7" type="stmt"/>
        <line num="11" count="7" type="stmt"/>
        <line num="12" count="7" type="stmt"/>
        <line num="15" count="13" type="stmt"/>
        <line num="17" count="7" type="stmt"/>
        <line num="54" count="1" type="cond" truecount="1" falsecount="1"/>
      </file>
      <file name="ItemsList.js" path="C:\Users\Satish\Desktop\Namaste-React-Satish\src\components\ItemsList.js">
        <metrics statements="7" coveredstatements="7" conditionals="2" coveredconditionals="1" methods="4" coveredmethods="4"/>
        <line num="4" count="1" type="stmt"/>
        <line num="6" count="5" type="stmt"/>
        <line num="7" count="5" type="stmt"/>
        <line num="8" count="1" type="stmt"/>
        <line num="10" count="5" type="stmt"/>
        <line num="13" count="26" type="stmt"/>
        <line num="28" count="1" type="stmt"/>
      </file>
      <file name="RestaurantMenu.js" path="C:\Users\Satish\Desktop\Namaste-React-Satish\src\components\RestaurantMenu.js">
        <metrics statements="12" coveredstatements="12" conditionals="4" coveredconditionals="4" methods="4" coveredmethods="4"/>
        <line num="9" count="1" type="stmt"/>
        <line num="11" count="3" type="stmt"/>
        <line num="12" count="3" type="stmt"/>
        <line num="13" count="3" type="stmt"/>
        <line num="16" count="3" type="cond" truecount="2" falsecount="0"/>
        <line num="18" count="2" type="stmt"/>
        <line num="20" count="2" type="stmt"/>
        <line num="24" count="2" type="stmt"/>
        <line num="26" count="40" type="stmt"/>
        <line num="35" count="2" type="stmt"/>
        <line num="41" count="32" type="stmt"/>
        <line num="45" count="1" type="stmt"/>
      </file>
      <file name="ResturantCard.js" path="C:\Users\Satish\Desktop\Namaste-React-Satish\src\components\ResturantCard.js">
        <metrics statements="5" coveredstatements="5" conditionals="0" coveredconditionals="0" methods="1" coveredmethods="1"/>
        <line num="6" count="2" type="stmt"/>
        <line num="7" count="81" type="stmt"/>
        <line num="9" count="81" type="stmt"/>
        <line num="17" count="81" type="stmt"/>
        <line num="18" count="81" type="stmt"/>
      </file>
    </package>
    <package name="utils">
      <metrics statements="1" coveredstatements="1" conditionals="0" coveredconditionals="0" methods="0" coveredmethods="0"/>
      <file name="appStore.js" path="C:\Users\Satish\Desktop\Namaste-React-Satish\src\utils\appStore.js">
        <metrics statements="1" coveredstatements="1" conditionals="0" coveredconditionals="0" methods="0" coveredmethods="0"/>
        <line num="4" count="2" type="stmt"/>
      </file>
    </package>
  </project>
</coverage>
