{"C:\\Users\\Satish\\Desktop\\Namaste-React-Satish\\src\\components\\Body.js": {"path":"C:\\Users\\Satish\\Desktop\\Namaste-React-Satish\\src\\components\\Body.js","statementMap":{"0":{"start":{"line":11,"column":13},"end":{"line":89,"column":2}},"1":{"start":{"line":12,"column":49},"end":{"line":12,"column":61}},"2":{"start":{"line":13,"column":54},"end":{"line":13,"column":66}},"3":{"start":{"line":14,"column":37},"end":{"line":14,"column":49}},"4":{"start":{"line":18,"column":6},"end":{"line":20,"column":13}},"5":{"start":{"line":19,"column":9},"end":{"line":19,"column":21}},"6":{"start":{"line":22,"column":24},"end":{"line":31,"column":7}},"7":{"start":{"line":23,"column":26},"end":{"line":25,"column":14}},"8":{"start":{"line":27,"column":22},"end":{"line":27,"column":39}},"9":{"start":{"line":29,"column":9},"end":{"line":29,"column":104}},"10":{"start":{"line":30,"column":9},"end":{"line":30,"column":107}},"11":{"start":{"line":33,"column":27},"end":{"line":33,"column":44}},"12":{"start":{"line":34,"column":6},"end":{"line":34,"column":114}},"13":{"start":{"line":34,"column":33},"end":{"line":34,"column":114}},"14":{"start":{"line":36,"column":6},"end":{"line":38,"column":7}},"15":{"start":{"line":37,"column":9},"end":{"line":37,"column":26}},"16":{"start":{"line":40,"column":45},"end":{"line":40,"column":68}},"17":{"start":{"line":42,"column":4},"end":{"line":88,"column":5}},"18":{"start":{"line":50,"column":18},"end":{"line":50,"column":47}},"19":{"start":{"line":53,"column":48},"end":{"line":55,"column":22}},"20":{"start":{"line":54,"column":21},"end":{"line":54,"column":83}},"21":{"start":{"line":56,"column":21},"end":{"line":56,"column":62}},"22":{"start":{"line":63,"column":36},"end":{"line":65,"column":16}},"23":{"start":{"line":64,"column":27},"end":{"line":64,"column":49}},"24":{"start":{"line":66,"column":15},"end":{"line":66,"column":41}},"25":{"start":{"line":67,"column":15},"end":{"line":67,"column":51}},"26":{"start":{"line":74,"column":99},"end":{"line":74,"column":126}},"27":{"start":{"line":81,"column":11},"end":{"line":84,"column":18}}},"fnMap":{"0":{"name":"(anonymous_0)","decl":{"start":{"line":11,"column":13},"end":{"line":11,"column":14}},"loc":{"start":{"line":11,"column":19},"end":{"line":89,"column":2}},"line":11},"1":{"name":"(anonymous_1)","decl":{"start":{"line":18,"column":16},"end":{"line":18,"column":17}},"loc":{"start":{"line":18,"column":22},"end":{"line":20,"column":7}},"line":18},"2":{"name":"(anonymous_2)","decl":{"start":{"line":22,"column":24},"end":{"line":22,"column":25}},"loc":{"start":{"line":22,"column":36},"end":{"line":31,"column":7}},"line":22},"3":{"name":"(anonymous_3)","decl":{"start":{"line":49,"column":25},"end":{"line":49,"column":26}},"loc":{"start":{"line":49,"column":32},"end":{"line":51,"column":16}},"line":49},"4":{"name":"(anonymous_4)","decl":{"start":{"line":52,"column":119},"end":{"line":52,"column":120}},"loc":{"start":{"line":52,"column":125},"end":{"line":57,"column":19}},"line":52},"5":{"name":"(anonymous_5)","decl":{"start":{"line":53,"column":72},"end":{"line":53,"column":73}},"loc":{"start":{"line":54,"column":21},"end":{"line":54,"column":83}},"line":54},"6":{"name":"(anonymous_6)","decl":{"start":{"line":62,"column":82},"end":{"line":62,"column":83}},"loc":{"start":{"line":62,"column":88},"end":{"line":68,"column":13}},"line":62},"7":{"name":"(anonymous_7)","decl":{"start":{"line":64,"column":18},"end":{"line":64,"column":19}},"loc":{"start":{"line":64,"column":27},"end":{"line":64,"column":49}},"line":64},"8":{"name":"(anonymous_8)","decl":{"start":{"line":74,"column":92},"end":{"line":74,"column":93}},"loc":{"start":{"line":74,"column":99},"end":{"line":74,"column":126}},"line":74},"9":{"name":"(anonymous_9)","decl":{"start":{"line":80,"column":36},"end":{"line":80,"column":37}},"loc":{"start":{"line":81,"column":11},"end":{"line":84,"column":18}},"line":81}},"branchMap":{"0":{"loc":{"start":{"line":34,"column":6},"end":{"line":34,"column":114}},"type":"if","locations":[{"start":{"line":34,"column":6},"end":{"line":34,"column":114}},{"start":{},"end":{}}],"line":34},"1":{"loc":{"start":{"line":36,"column":6},"end":{"line":38,"column":7}},"type":"if","locations":[{"start":{"line":36,"column":6},"end":{"line":38,"column":7}},{"start":{},"end":{}}],"line":36}},"s":{"0":1,"1":8,"2":7,"3":7,"4":7,"5":2,"6":7,"7":2,"8":2,"9":2,"10":2,"11":7,"12":7,"13":0,"14":7,"15":2,"16":5,"17":5,"18":1,"19":1,"20":20,"21":1,"22":1,"23":20,"24":1,"25":1,"26":0,"27":80},"f":{"0":8,"1":2,"2":2,"3":1,"4":1,"5":20,"6":1,"7":20,"8":0,"9":80},"b":{"0":[0,7],"1":[2,5]},"_coverageSchema":"1a1c01bbd47fc00a2c39e90264f33305004495a9","hash":"538c6a3bba9f267b157f107a68ca1e5d632e4518"}
,"C:\\Users\\Satish\\Desktop\\Namaste-React-Satish\\src\\components\\Cart.js": {"path":"C:\\Users\\Satish\\Desktop\\Namaste-React-Satish\\src\\components\\Cart.js","statementMap":{"0":{"start":{"line":5,"column":13},"end":{"line":22,"column":1}},"1":{"start":{"line":6,"column":22},"end":{"line":6,"column":62}},"2":{"start":{"line":6,"column":45},"end":{"line":6,"column":61}},"3":{"start":{"line":7,"column":21},"end":{"line":7,"column":34}},"4":{"start":{"line":8,"column":28},"end":{"line":10,"column":5}},"5":{"start":{"line":9,"column":8},"end":{"line":9,"column":29}},"6":{"start":{"line":12,"column":4},"end":{"line":20,"column":14}}},"fnMap":{"0":{"name":"(anonymous_0)","decl":{"start":{"line":5,"column":13},"end":{"line":5,"column":14}},"loc":{"start":{"line":5,"column":19},"end":{"line":22,"column":1}},"line":5},"1":{"name":"(anonymous_1)","decl":{"start":{"line":6,"column":34},"end":{"line":6,"column":35}},"loc":{"start":{"line":6,"column":45},"end":{"line":6,"column":61}},"line":6},"2":{"name":"(anonymous_2)","decl":{"start":{"line":8,"column":28},"end":{"line":8,"column":29}},"loc":{"start":{"line":8,"column":34},"end":{"line":10,"column":5}},"line":8}},"branchMap":{"0":{"loc":{"start":{"line":17,"column":17},"end":{"line":17,"column":82}},"type":"binary-expr","locations":[{"start":{"line":17,"column":17},"end":{"line":17,"column":38}},{"start":{"line":17,"column":42},"end":{"line":17,"column":82}}],"line":17}},"s":{"0":1,"1":3,"2":6,"3":3,"4":3,"5":1,"6":3},"f":{"0":3,"1":6,"2":1},"b":{"0":[3,2]},"_coverageSchema":"1a1c01bbd47fc00a2c39e90264f33305004495a9","hash":"b9009813fdb95aca651d24b5b71827cbfbfea634"}
,"C:\\Users\\Satish\\Desktop\\Namaste-React-Satish\\src\\components\\Contact.js": {"path":"C:\\Users\\Satish\\Desktop\\Namaste-React-Satish\\src\\components\\Contact.js","statementMap":{"0":{"start":{"line":1,"column":16},"end":{"line":12,"column":1}},"1":{"start":{"line":2,"column":4},"end":{"line":11,"column":6}}},"fnMap":{"0":{"name":"(anonymous_0)","decl":{"start":{"line":1,"column":16},"end":{"line":1,"column":17}},"loc":{"start":{"line":1,"column":22},"end":{"line":12,"column":1}},"line":1}},"branchMap":{},"s":{"0":1,"1":1},"f":{"0":1},"b":{},"_coverageSchema":"1a1c01bbd47fc00a2c39e90264f33305004495a9","hash":"c62878479bfcf68c69c57336eebfb8a67cd31969"}
,"C:\\Users\\Satish\\Desktop\\Namaste-React-Satish\\src\\components\\Header.js": {"path":"C:\\Users\\Satish\\Desktop\\Namaste-React-Satish\\src\\components\\Header.js","statementMap":{"0":{"start":{"line":8,"column":15},"end":{"line":66,"column":2}},"1":{"start":{"line":10,"column":42},"end":{"line":10,"column":59}},"2":{"start":{"line":11,"column":24},"end":{"line":11,"column":41}},"3":{"start":{"line":12,"column":26},"end":{"line":12,"column":49}},"4":{"start":{"line":15,"column":21},"end":{"line":15,"column":61}},"5":{"start":{"line":15,"column":44},"end":{"line":15,"column":60}},"6":{"start":{"line":17,"column":4},"end":{"line":65,"column":5}},"7":{"start":{"line":54,"column":12},"end":{"line":56,"column":38}}},"fnMap":{"0":{"name":"(anonymous_0)","decl":{"start":{"line":8,"column":15},"end":{"line":8,"column":16}},"loc":{"start":{"line":8,"column":21},"end":{"line":66,"column":2}},"line":8},"1":{"name":"(anonymous_1)","decl":{"start":{"line":15,"column":33},"end":{"line":15,"column":34}},"loc":{"start":{"line":15,"column":44},"end":{"line":15,"column":60}},"line":15},"2":{"name":"(anonymous_2)","decl":{"start":{"line":53,"column":104},"end":{"line":53,"column":105}},"loc":{"start":{"line":53,"column":110},"end":{"line":57,"column":11}},"line":53}},"branchMap":{"0":{"loc":{"start":{"line":28,"column":29},"end":{"line":28,"column":55}},"type":"cond-expr","locations":[{"start":{"line":28,"column":44},"end":{"line":28,"column":48}},{"start":{"line":28,"column":51},"end":{"line":28,"column":55}}],"line":28},"1":{"loc":{"start":{"line":54,"column":12},"end":{"line":56,"column":38}},"type":"cond-expr","locations":[{"start":{"line":55,"column":14},"end":{"line":55,"column":39}},{"start":{"line":56,"column":14},"end":{"line":56,"column":38}}],"line":54}},"s":{"0":2,"1":7,"2":7,"3":7,"4":7,"5":13,"6":7,"7":1},"f":{"0":7,"1":13,"2":1},"b":{"0":[7,0],"1":[1,0]},"_coverageSchema":"1a1c01bbd47fc00a2c39e90264f33305004495a9","hash":"38c9434d11d1fdb06163c52a2d779764c6268c01"}
,"C:\\Users\\Satish\\Desktop\\Namaste-React-Satish\\src\\components\\ItemsList.js": {"path":"C:\\Users\\Satish\\Desktop\\Namaste-React-Satish\\src\\components\\ItemsList.js","statementMap":{"0":{"start":{"line":4,"column":18},"end":{"line":39,"column":1}},"1":{"start":{"line":6,"column":21},"end":{"line":6,"column":34}},"2":{"start":{"line":7,"column":24},"end":{"line":9,"column":5}},"3":{"start":{"line":8,"column":8},"end":{"line":8,"column":32}},"4":{"start":{"line":10,"column":4},"end":{"line":38,"column":5}},"5":{"start":{"line":13,"column":12},"end":{"line":35,"column":18}},"6":{"start":{"line":28,"column":151},"end":{"line":28,"column":168}}},"fnMap":{"0":{"name":"(anonymous_0)","decl":{"start":{"line":4,"column":18},"end":{"line":4,"column":19}},"loc":{"start":{"line":4,"column":31},"end":{"line":39,"column":1}},"line":4},"1":{"name":"(anonymous_1)","decl":{"start":{"line":7,"column":24},"end":{"line":7,"column":25}},"loc":{"start":{"line":7,"column":34},"end":{"line":9,"column":5}},"line":7},"2":{"name":"(anonymous_2)","decl":{"start":{"line":12,"column":23},"end":{"line":12,"column":24}},"loc":{"start":{"line":13,"column":12},"end":{"line":35,"column":18}},"line":13},"3":{"name":"(anonymous_3)","decl":{"start":{"line":28,"column":145},"end":{"line":28,"column":146}},"loc":{"start":{"line":28,"column":151},"end":{"line":28,"column":168}},"line":28}},"branchMap":{"0":{"loc":{"start":{"line":18,"column":62},"end":{"line":20,"column":54}},"type":"cond-expr","locations":[{"start":{"line":19,"column":21},"end":{"line":19,"column":47}},{"start":{"line":20,"column":21},"end":{"line":20,"column":54}}],"line":18}},"s":{"0":1,"1":5,"2":5,"3":1,"4":5,"5":26,"6":1},"f":{"0":5,"1":1,"2":26,"3":1},"b":{"0":[26,0]},"_coverageSchema":"1a1c01bbd47fc00a2c39e90264f33305004495a9","hash":"e9739556f2066d5625e1cca48289bf3c7e510082"}
,"C:\\Users\\Satish\\Desktop\\Namaste-React-Satish\\src\\components\\RestaurantMenu.js": {"path":"C:\\Users\\Satish\\Desktop\\Namaste-React-Satish\\src\\components\\RestaurantMenu.js","statementMap":{"0":{"start":{"line":9,"column":23},"end":{"line":55,"column":1}},"1":{"start":{"line":11,"column":22},"end":{"line":11,"column":33}},"2":{"start":{"line":12,"column":20},"end":{"line":12,"column":44}},"3":{"start":{"line":13,"column":38},"end":{"line":13,"column":49}},"4":{"start":{"line":16,"column":7},"end":{"line":16,"column":47}},"5":{"start":{"line":16,"column":29},"end":{"line":16,"column":47}},"6":{"start":{"line":18,"column":51},"end":{"line":18,"column":86}},"7":{"start":{"line":20,"column":27},"end":{"line":20,"column":102}},"8":{"start":{"line":24,"column":24},"end":{"line":28,"column":6}},"9":{"start":{"line":26,"column":8},"end":{"line":26,"column":97}},"10":{"start":{"line":35,"column":4},"end":{"line":54,"column":6}},"11":{"start":{"line":41,"column":50},"end":{"line":47,"column":14}},"12":{"start":{"line":45,"column":34},"end":{"line":45,"column":53}}},"fnMap":{"0":{"name":"(anonymous_0)","decl":{"start":{"line":9,"column":23},"end":{"line":9,"column":24}},"loc":{"start":{"line":9,"column":29},"end":{"line":55,"column":1}},"line":9},"1":{"name":"(anonymous_1)","decl":{"start":{"line":25,"column":8},"end":{"line":25,"column":9}},"loc":{"start":{"line":26,"column":8},"end":{"line":26,"column":97}},"line":26},"2":{"name":"(anonymous_2)","decl":{"start":{"line":41,"column":28},"end":{"line":41,"column":29}},"loc":{"start":{"line":41,"column":50},"end":{"line":47,"column":14}},"line":41},"3":{"name":"(anonymous_3)","decl":{"start":{"line":45,"column":28},"end":{"line":45,"column":29}},"loc":{"start":{"line":45,"column":34},"end":{"line":45,"column":53}},"line":45}},"branchMap":{"0":{"loc":{"start":{"line":16,"column":7},"end":{"line":16,"column":47}},"type":"if","locations":[{"start":{"line":16,"column":7},"end":{"line":16,"column":47}},{"start":{},"end":{}}],"line":16},"1":{"loc":{"start":{"line":44,"column":25},"end":{"line":44,"column":58}},"type":"cond-expr","locations":[{"start":{"line":44,"column":46},"end":{"line":44,"column":50}},{"start":{"line":44,"column":53},"end":{"line":44,"column":58}}],"line":44}},"s":{"0":1,"1":3,"2":3,"3":3,"4":3,"5":1,"6":2,"7":2,"8":2,"9":40,"10":2,"11":32,"12":1},"f":{"0":3,"1":40,"2":32,"3":1},"b":{"0":[1,2],"1":[2,30]},"_coverageSchema":"1a1c01bbd47fc00a2c39e90264f33305004495a9","hash":"125dc39a9384b76508a5dbe6ed05f37e2401cdd9"}
,"C:\\Users\\Satish\\Desktop\\Namaste-React-Satish\\src\\components\\ResturantCard.js": {"path":"C:\\Users\\Satish\\Desktop\\Namaste-React-Satish\\src\\components\\ResturantCard.js","statementMap":{"0":{"start":{"line":6,"column":22},"end":{"line":38,"column":2}},"1":{"start":{"line":7,"column":22},"end":{"line":7,"column":27}},"2":{"start":{"line":9,"column":27},"end":{"line":9,"column":50}},"3":{"start":{"line":17,"column":8},"end":{"line":17,"column":21}},"4":{"start":{"line":18,"column":4},"end":{"line":37,"column":5}}},"fnMap":{"0":{"name":"(anonymous_0)","decl":{"start":{"line":6,"column":22},"end":{"line":6,"column":23}},"loc":{"start":{"line":6,"column":33},"end":{"line":38,"column":2}},"line":6}},"branchMap":{},"s":{"0":2,"1":81,"2":81,"3":81,"4":81},"f":{"0":81},"b":{},"_coverageSchema":"1a1c01bbd47fc00a2c39e90264f33305004495a9","hash":"08f5e1905fdedbde9b65a2c03f07d06137ad1e14"}
,"C:\\Users\\Satish\\Desktop\\Namaste-React-Satish\\src\\utils\\appStore.js": {"path":"C:\\Users\\Satish\\Desktop\\Namaste-React-Satish\\src\\utils\\appStore.js","statementMap":{"0":{"start":{"line":4,"column":17},"end":{"line":8,"column":2}}},"fnMap":{},"branchMap":{},"s":{"0":2},"f":{},"b":{},"_coverageSchema":"1a1c01bbd47fc00a2c39e90264f33305004495a9","hash":"922a5f030c9d98493d2e0d0428344fc98ab3f5bd"}
}
