TN:
SF:src\components\Body.js
FN:11,(anonymous_0)
FN:18,(anonymous_1)
FN:22,(anonymous_2)
FN:49,(anonymous_3)
FN:52,(anonymous_4)
FN:53,(anonymous_5)
FN:62,(anonymous_6)
FN:64,(anonymous_7)
FN:74,(anonymous_8)
FN:80,(anonymous_9)
FNF:10
FNH:9
FNDA:8,(anonymous_0)
FNDA:2,(anonymous_1)
FNDA:2,(anonymous_2)
FNDA:1,(anonymous_3)
FNDA:1,(anonymous_4)
FNDA:20,(anonymous_5)
FNDA:1,(anonymous_6)
FNDA:20,(anonymous_7)
FNDA:0,(anonymous_8)
FNDA:80,(anonymous_9)
DA:11,1
DA:12,8
DA:13,7
DA:14,7
DA:18,7
DA:19,2
DA:22,7
DA:23,2
DA:27,2
DA:29,2
DA:30,2
DA:33,7
DA:34,7
DA:36,7
DA:37,2
DA:40,5
DA:42,5
DA:50,1
DA:53,1
DA:54,20
DA:56,1
DA:63,1
DA:64,20
DA:66,1
DA:67,1
DA:74,0
DA:81,80
LF:27
LH:26
BRDA:34,0,0,0
BRDA:34,0,1,7
BRDA:36,1,0,2
BRDA:36,1,1,5
BRF:4
BRH:3
end_of_record
TN:
SF:src\components\Cart.js
FN:5,(anonymous_0)
FN:6,(anonymous_1)
FN:8,(anonymous_2)
FNF:3
FNH:3
FNDA:3,(anonymous_0)
FNDA:6,(anonymous_1)
FNDA:1,(anonymous_2)
DA:5,1
DA:6,6
DA:7,3
DA:8,3
DA:9,1
DA:12,3
LF:6
LH:6
BRDA:17,0,0,3
BRDA:17,0,1,2
BRF:2
BRH:2
end_of_record
TN:
SF:src\components\Contact.js
FN:1,(anonymous_0)
FNF:1
FNH:1
FNDA:1,(anonymous_0)
DA:1,1
DA:2,1
LF:2
LH:2
BRF:0
BRH:0
end_of_record
TN:
SF:src\components\Header.js
FN:8,(anonymous_0)
FN:15,(anonymous_1)
FN:53,(anonymous_2)
FNF:3
FNH:3
FNDA:7,(anonymous_0)
FNDA:13,(anonymous_1)
FNDA:1,(anonymous_2)
DA:8,2
DA:10,7
DA:11,7
DA:12,7
DA:15,13
DA:17,7
DA:54,1
LF:7
LH:7
BRDA:28,0,0,7
BRDA:28,0,1,0
BRDA:54,1,0,1
BRDA:54,1,1,0
BRF:4
BRH:2
end_of_record
TN:
SF:src\components\ItemsList.js
FN:4,(anonymous_0)
FN:7,(anonymous_1)
FN:12,(anonymous_2)
FN:28,(anonymous_3)
FNF:4
FNH:4
FNDA:5,(anonymous_0)
FNDA:1,(anonymous_1)
FNDA:26,(anonymous_2)
FNDA:1,(anonymous_3)
DA:4,1
DA:6,5
DA:7,5
DA:8,1
DA:10,5
DA:13,26
DA:28,1
LF:7
LH:7
BRDA:18,0,0,26
BRDA:18,0,1,0
BRF:2
BRH:1
end_of_record
TN:
SF:src\components\RestaurantMenu.js
FN:9,(anonymous_0)
FN:25,(anonymous_1)
FN:41,(anonymous_2)
FN:45,(anonymous_3)
FNF:4
FNH:4
FNDA:3,(anonymous_0)
FNDA:40,(anonymous_1)
FNDA:32,(anonymous_2)
FNDA:1,(anonymous_3)
DA:9,1
DA:11,3
DA:12,3
DA:13,3
DA:16,3
DA:18,2
DA:20,2
DA:24,2
DA:26,40
DA:35,2
DA:41,32
DA:45,1
LF:12
LH:12
BRDA:16,0,0,1
BRDA:16,0,1,2
BRDA:44,1,0,2
BRDA:44,1,1,30
BRF:4
BRH:4
end_of_record
TN:
SF:src\components\ResturantCard.js
FN:6,(anonymous_0)
FNF:1
FNH:1
FNDA:81,(anonymous_0)
DA:6,2
DA:7,81
DA:9,81
DA:17,81
DA:18,81
LF:5
LH:5
BRF:0
BRH:0
end_of_record
TN:
SF:src\utils\appStore.js
FNF:0
FNH:0
DA:4,2
LF:1
LH:1
BRF:0
BRH:0
end_of_record
